$ python3 -m py_compile harness/__init__.py harness/harnessctl.py harness/errors.py harness/jsonio.py
exit_code=0
stdout=artifacts/phase-P01/cmd-001.stdout.txt
stderr=artifacts/phase-P01/cmd-001.stderr.txt

$ python3 -m unittest discover -s tests -p 'test_p01_cli.py'
exit_code=0
stdout=artifacts/phase-P01/cmd-002.stdout.txt
stderr=artifacts/phase-P01/cmd-002.stderr.txt

$ python3 -m harness.harnessctl version --json
exit_code=0
stdout=artifacts/phase-P01/cmd-003.stdout.txt
stderr=artifacts/phase-P01/cmd-003.stderr.txt

$ python3 -m harness.harnessctl doctor --dry-run --json
exit_code=0
stdout=artifacts/phase-P01/cmd-004.stdout.txt
stderr=artifacts/phase-P01/cmd-004.stderr.txt

$ python3 -m harness.harnessctl validate --help
exit_code=0
stdout=artifacts/phase-P01/cmd-005.stdout.txt
stderr=artifacts/phase-P01/cmd-005.stderr.txt

$ python3 -m harness.harnessctl plan --help
exit_code=0
stdout=artifacts/phase-P01/cmd-006.stdout.txt
stderr=artifacts/phase-P01/cmd-006.stderr.txt

$ python3 -m harness.harnessctl run-scenario --help
exit_code=0
stdout=artifacts/phase-P01/cmd-007.stdout.txt
stderr=artifacts/phase-P01/cmd-007.stderr.txt

$ python3 -m harness.harnessctl report --help
exit_code=0
stdout=artifacts/phase-P01/cmd-008.stdout.txt
stderr=artifacts/phase-P01/cmd-008.stderr.txt

