$ python3 -m py_compile harness/topology.py harness/planner.py harness/harnessctl.py
exit_code=0
stdout=artifacts/phase-P03/cmd-001.stdout.txt
stderr=artifacts/phase-P03/cmd-001.stderr.txt

$ python3 -m unittest discover -s tests -p 'test_p03_virtual_az.py'
exit_code=0
stdout=artifacts/phase-P03/cmd-002.stdout.txt
stderr=artifacts/phase-P03/cmd-002.stderr.txt

$ python3 -m harness.harnessctl plan --inventory inventories/single-mac-dev.yaml --scenario scenarios/smoke-6.yaml --json > /tmp/plan-single.json
exit_code=0
stdout=artifacts/phase-P03/cmd-003.stdout.txt
stderr=artifacts/phase-P03/cmd-003.stderr.txt

$ python3 -m harness.harnessctl plan --inventory inventories/two-mac-physical-aligned.yaml --scenario scenarios/smoke-6.yaml --json > /tmp/plan-two.json
exit_code=0
stdout=artifacts/phase-P03/cmd-004.stdout.txt
stderr=artifacts/phase-P03/cmd-004.stderr.txt

$ python3 -m harness.harnessctl plan --inventory inventories/three-mac-uniform-interleaved.yaml --scenario scenarios/smoke-6.yaml --json > /tmp/plan-three.json
exit_code=0
stdout=artifacts/phase-P03/cmd-005.stdout.txt
stderr=artifacts/phase-P03/cmd-005.stderr.txt

