$ python3 -m py_compile scripts/codex_next.py scripts/phase_gate.py scripts/diff_guard.py scripts/artifact_guard.py scripts/status_guard.py scripts/forbidden_guard.py scripts/project_quality_gate.py
exit_code=0
stdout=artifacts/phase-P00/cmd-001.stdout.txt
stderr=artifacts/phase-P00/cmd-001.stderr.txt

$ python3 tests/test_p00_loop_control.py
exit_code=0
stdout=artifacts/phase-P00/cmd-002.stdout.txt
stderr=artifacts/phase-P00/cmd-002.stderr.txt

$ python3 scripts/codex_next.py status --json
exit_code=0
stdout=artifacts/phase-P00/cmd-003.stdout.txt
stderr=artifacts/phase-P00/cmd-003.stderr.txt

$ python3 scripts/codex_next.py next --json
exit_code=0
stdout=artifacts/phase-P00/cmd-004.stdout.txt
stderr=artifacts/phase-P00/cmd-004.stderr.txt

$ python3 scripts/phase_gate.py list --json
exit_code=0
stdout=artifacts/phase-P00/cmd-005.stdout.txt
stderr=artifacts/phase-P00/cmd-005.stderr.txt

$ python3 scripts/diff_guard.py allowed-files --phase P00 --json
exit_code=0
stdout=artifacts/phase-P00/cmd-006.stdout.txt
stderr=artifacts/phase-P00/cmd-006.stderr.txt

